# JRE version: OpenJDK Runtime Environment (11.0.8+10) (build 11.0.8+10-b944.6842174)
# Java VM: OpenJDK 64-Bit Server VM (11.0.8+10-b944.6842174, mixed mode, tiered, compressed oops, g1 gc, windows-amd64)
Heap:
 garbage-first heap   total 78848K, used 33505K [0x00000000c1e00000, 0x0000000100000000)
  region size 1024K, 6 young (6144K), 4 survivors (4096K)
 Metaspace       used 46849K, capacity 47390K, committed 47644K, reserved 1091584K
  class space    used 5482K, capacity 5706K, committed 5760K, reserved 1048576K
GC Heap History (17 events):
Event: 1.753 GC heap before
{Heap before GC invocations=0 (full 0):
 garbage-first heap   total 65536K, used 17408K [0x00000000c1e00000, 0x0000000100000000)
  region size 1024K, 14 young (14336K), 0 survivors (0K)
 Metaspace       used 9807K, capacity 9871K, committed 10112K, reserved 1058816K
  class space    used 828K, capacity 884K, committed 896K, reserved 1048576K
}
Event: 1.760 GC heap after
{Heap after GC invocations=1 (full 0):
 garbage-first heap   total 65536K, used 5140K [0x00000000c1e00000, 0x0000000100000000)
  region size 1024K, 2 young (2048K), 2 survivors (2048K)
 Metaspace       used 9807K, capacity 9871K, committed 10112K, reserved 1058816K
  class space    used 828K, capacity 884K, committed 896K, reserved 1048576K
}
Event: 3.327 GC heap before
{Heap before GC invocations=1 (full 0):
 garbage-first heap   total 65536K, used 42004K [0x00000000c1e00000, 0x0000000100000000)
  region size 1024K, 38 young (38912K), 2 survivors (2048K)
 Metaspace       used 18604K, capacity 18798K, committed 18944K, reserved 1067008K
  class space    used 1916K, capacity 2002K, committed 2048K, reserved 1048576K
}
Event: 3.348 GC heap after
{Heap after GC invocations=2 (full 0):
 garbage-first heap   total 65536K, used 8948K [0x00000000c1e00000, 0x0000000100000000)
  region size 1024K, 5 young (5120K), 5 survivors (5120K)
 Metaspace       used 18604K, capacity 18798K, committed 18944K, reserved 1067008K
  class space    used 1916K, capacity 2002K, committed 2048K, reserved 1048576K
}
Event: 3.626 GC heap before
{Heap before GC invocations=2 (full 0):
 garbage-first heap   total 65536K, used 17140K [0x00000000c1e00000, 0x0000000100000000)
  region size 1024K, 14 young (14336K), 5 survivors (5120K)
 Metaspace       used 20996K, capacity 21190K, committed 21248K, reserved 1069056K
  class space    used 2215K, capacity 2297K, committed 2304K, reserved 1048576K
}
Event: 3.642 GC heap after
{Heap after GC invocations=3 (full 0):
 garbage-first heap   total 65536K, used 9698K [0x00000000c1e00000, 0x0000000100000000)
  region size 1024K, 1 young (1024K), 1 survivors (1024K)
 Metaspace       used 20996K, capacity 21190K, committed 21248K, reserved 1069056K
  class space    used 2215K, capacity 2297K, committed 2304K, reserved 1048576K
}
Event: 4.416 GC heap before
{Heap before GC invocations=4 (full 0):
 garbage-first heap   total 65536K, used 38370K [0x00000000c1e00000, 0x0000000100000000)
  region size 1024K, 23 young (23552K), 1 survivors (1024K)
 Metaspace       used 26691K, capacity 27082K, committed 27388K, reserved 1073152K
  class space    used 2840K, capacity 3017K, committed 3072K, reserved 1048576K
}
Event: 4.421 GC heap after
{Heap after GC invocations=5 (full 0):
 garbage-first heap   total 65536K, used 17281K [0x00000000c1e00000, 0x0000000100000000)
  region size 1024K, 3 young (3072K), 3 survivors (3072K)
 Metaspace       used 26691K, capacity 27082K, committed 27388K, reserved 1073152K
  class space    used 2840K, capacity 3017K, committed 3072K, reserved 1048576K
}
Event: 5.137 GC heap before
{Heap before GC invocations=5 (full 0):
 garbage-first heap   total 65536K, used 41857K [0x00000000c1e00000, 0x0000000100000000)
  region size 1024K, 25 young (25600K), 3 survivors (3072K)
 Metaspace       used 29724K, capacity 30141K, committed 30332K, reserved 1075200K
  class space    used 3498K, capacity 3675K, committed 3712K, reserved 1048576K
}
Event: 5.155 GC heap after
{Heap after GC invocations=6 (full 0):
 garbage-first heap   total 65536K, used 24202K [0x00000000c1e00000, 0x0000000100000000)
  region size 1024K, 4 young (4096K), 4 survivors (4096K)
 Metaspace       used 29724K, capacity 30141K, committed 30332K, reserved 1075200K
  class space    used 3498K, capacity 3675K, committed 3712K, reserved 1048576K
}
Event: 5.725 GC heap before
{Heap before GC invocations=6 (full 0):
 garbage-first heap   total 65536K, used 47754K [0x00000000c1e00000, 0x0000000100000000)
  region size 1024K, 23 young (23552K), 4 survivors (4096K)
 Metaspace       used 33120K, capacity 33544K, committed 33788K, reserved 1079296K
  class space    used 3898K, capacity 4062K, committed 4096K, reserved 1048576K
}
Event: 5.743 GC heap after
{Heap after GC invocations=7 (full 0):
 garbage-first heap   total 65536K, used 26353K [0x00000000c1e00000, 0x0000000100000000)
  region size 1024K, 3 young (3072K), 3 survivors (3072K)
 Metaspace       used 33120K, capacity 33544K, committed 33788K, reserved 1079296K
  class space    used 3898K, capacity 4062K, committed 4096K, reserved 1048576K
}
Event: 6.088 GC heap before
{Heap before GC invocations=7 (full 0):
 garbage-first heap   total 65536K, used 38641K [0x00000000c1e00000, 0x0000000100000000)
  region size 1024K, 16 young (16384K), 3 survivors (3072K)
 Metaspace       used 35507K, capacity 35951K, committed 36048K, reserved 1081344K
  class space    used 4148K, capacity 4328K, committed 4352K, reserved 1048576K
}
Event: 6.099 GC heap after
{Heap after GC invocations=8 (full 0):
 garbage-first heap   total 78848K, used 25685K [0x00000000c1e00000, 0x0000000100000000)
  region size 1024K, 2 young (2048K), 2 survivors (2048K)
 Metaspace       used 35507K, capacity 35951K, committed 36048K, reserved 1081344K
  class space    used 4148K, capacity 4328K, committed 4352K, reserved 1048576K
}
Event: 6.759 GC heap before
{Heap before GC invocations=9 (full 0):
 garbage-first heap   total 78848K, used 50261K [0x00000000c1e00000, 0x0000000100000000)
  region size 1024K, 27 young (27648K), 2 survivors (2048K)
 Metaspace       used 40478K, capacity 40962K, committed 41244K, reserved 1085440K
  class space    used 4765K, capacity 4973K, committed 4992K, reserved 1048576K
}
Event: 6.772 GC heap after
{Heap after GC invocations=10 (full 0):
 garbage-first heap   total 78848K, used 27265K [0x00000000c1e00000, 0x0000000100000000)
  region size 1024K, 4 young (4096K), 4 survivors (4096K)
 Metaspace       used 40478K, capacity 40962K, committed 41244K, reserved 1085440K
  class space    used 4765K, capacity 4973K, committed 4992K, reserved 1048576K
}
Event: 8.237 GC heap before
{Heap before GC invocations=11 (full 0):
 garbage-first heap   total 78848K, used 53889K [0x00000000c1e00000, 0x0000000100000000)
  region size 1024K, 29 young (29696K), 4 survivors (4096K)
 Metaspace       used 46527K, capacity 47062K, committed 47132K, reserved 1091584K
  class space    used 5455K, capacity 5703K, committed 5760K, reserved 1048576K
}

